# JRE version: OpenJDK Runtime Environment (11.0.10) (build 11.0.10+0-b96-7249189)
# Java VM: OpenJDK 64-Bit Server VM (11.0.10+0-b96-7249189, mixed mode, tiered, compressed oops, g1 gc, windows-amd64)
Heap:
 garbage-first heap   total 692224K, used 211968K [0x0000000080000000, 0x0000000100000000)
  region size 1024K, 2 young (2048K), 2 survivors (2048K)
 Metaspace       used 196014K, capacity 200894K, committed 200960K, reserved 1224704K
  class space    used 23948K, capacity 25814K, committed 25856K, reserved 1048576K
GC Heap History (20 events):
Event: 9716.968 GC heap after
{Heap after GC invocations=380 (full 0):
 garbage-first heap   total 346112K, used 157478K [0x0000000080000000, 0x0000000100000000)
  region size 1024K, 4 young (4096K), 4 survivors (4096K)
 Metaspace       used 195005K, capacity 199932K, committed 200064K, reserved 1224704K
  class space    used 23843K, capacity 25692K, committed 25728K, reserved 1048576K
}
Event: 9717.209 GC heap before
{Heap before GC invocations=380 (full 0):
 garbage-first heap   total 346112K, used 183078K [0x0000000080000000, 0x0000000100000000)
  region size 1024K, 30 young (30720K), 4 survivors (4096K)
 Metaspace       used 195007K, capacity 199932K, committed 200064K, reserved 1224704K
  class space    used 23843K, capacity 25692K, committed 25728K, reserved 1048576K
}
Event: 9717.227 GC heap after
{Heap after GC invocations=381 (full 0):
 garbage-first heap   total 346112K, used 159341K [0x0000000080000000, 0x0000000100000000)
  region size 1024K, 6 young (6144K), 6 survivors (6144K)
 Metaspace       used 195007K, capacity 199932K, committed 200064K, reserved 1224704K
  class space    used 23843K, capacity 25692K, committed 25728K, reserved 1048576K
}
Event: 9719.026 GC heap before
{Heap before GC invocations=382 (full 0):
 garbage-first heap   total 346112K, used 278125K [0x0000000080000000, 0x0000000100000000)
  region size 1024K, 121 young (123904K), 6 survivors (6144K)
 Metaspace       used 195013K, capacity 199932K, committed 200064K, reserved 1224704K
  class space    used 23843K, capacity 25692K, committed 25728K, reserved 1048576K
}
Event: 9719.046 GC heap after
{Heap after GC invocations=383 (full 0):
 garbage-first heap   total 346112K, used 156932K [0x0000000080000000, 0x0000000100000000)
  region size 1024K, 3 young (3072K), 3 survivors (3072K)
 Metaspace       used 195013K, capacity 199932K, committed 200064K, reserved 1224704K
  class space    used 23843K, capacity 25692K, committed 25728K, reserved 1048576K
}
Event: 9719.355 GC heap before
{Heap before GC invocations=383 (full 0):
 garbage-first heap   total 346112K, used 170244K [0x0000000080000000, 0x0000000100000000)
  region size 1024K, 16 young (16384K), 3 survivors (3072K)
 Metaspace       used 195013K, capacity 199932K, committed 200064K, reserved 1224704K
  class space    used 23843K, capacity 25692K, committed 25728K, reserved 1048576K
}
Event: 9719.372 GC heap after
{Heap after GC invocations=384 (full 0):
 garbage-first heap   total 346112K, used 154881K [0x0000000080000000, 0x0000000100000000)
  region size 1024K, 1 young (1024K), 1 survivors (1024K)
 Metaspace       used 195013K, capacity 199932K, committed 200064K, reserved 1224704K
  class space    used 23843K, capacity 25692K, committed 25728K, reserved 1048576K
}
Event: 9721.797 GC heap before
{Heap before GC invocations=384 (full 0):
 garbage-first heap   total 346112K, used 286977K [0x0000000080000000, 0x0000000100000000)
  region size 1024K, 125 young (128000K), 1 survivors (1024K)
 Metaspace       used 195194K, capacity 200080K, committed 200320K, reserved 1224704K
  class space    used 23862K, capacity 25696K, committed 25728K, reserved 1048576K
}
Event: 9721.812 GC heap after
{Heap after GC invocations=385 (full 0):
 garbage-first heap   total 346112K, used 162072K [0x0000000080000000, 0x0000000100000000)
  region size 1024K, 3 young (3072K), 3 survivors (3072K)
 Metaspace       used 195194K, capacity 200080K, committed 200320K, reserved 1224704K
  class space    used 23862K, capacity 25696K, committed 25728K, reserved 1048576K
}
Event: 9721.876 GC heap before
{Heap before GC invocations=385 (full 0):
 garbage-first heap   total 346112K, used 164120K [0x0000000080000000, 0x0000000100000000)
  region size 1024K, 6 young (6144K), 3 survivors (3072K)
 Metaspace       used 195194K, capacity 200080K, committed 200320K, reserved 1224704K
  class space    used 23862K, capacity 25696K, committed 25728K, reserved 1048576K
}
Event: 9721.890 GC heap after
{Heap after GC invocations=386 (full 0):
 garbage-first heap   total 346112K, used 163632K [0x0000000080000000, 0x0000000100000000)
  region size 1024K, 5 young (5120K), 5 survivors (5120K)
 Metaspace       used 195194K, capacity 200080K, committed 200320K, reserved 1224704K
  class space    used 23862K, capacity 25696K, committed 25728K, reserved 1048576K
}
Event: 9724.029 GC heap before
{Heap before GC invocations=387 (full 0):
 garbage-first heap   total 346112K, used 263984K [0x0000000080000000, 0x0000000100000000)
  region size 1024K, 91 young (93184K), 5 survivors (5120K)
 Metaspace       used 195963K, capacity 200893K, committed 200960K, reserved 1224704K
  class space    used 23948K, capacity 25814K, committed 25856K, reserved 1048576K
}
Event: 9724.220 GC heap after
{Heap after GC invocations=388 (full 0):
 garbage-first heap   total 346112K, used 209739K [0x0000000080000000, 0x0000000100000000)
  region size 1024K, 12 young (12288K), 12 survivors (12288K)
 Metaspace       used 195963K, capacity 200893K, committed 200960K, reserved 1224704K
  class space    used 23948K, capacity 25814K, committed 25856K, reserved 1048576K
}
Event: 9724.576 GC heap before
{Heap before GC invocations=388 (full 0):
 garbage-first heap   total 346112K, used 213835K [0x0000000080000000, 0x0000000100000000)
  region size 1024K, 16 young (16384K), 12 survivors (12288K)
 Metaspace       used 195963K, capacity 200893K, committed 200960K, reserved 1224704K
  class space    used 23948K, capacity 25814K, committed 25856K, reserved 1048576K
}
Event: 9724.754 GC heap after
{Heap after GC invocations=389 (full 0):
 garbage-first heap   total 346112K, used 202752K [0x0000000080000000, 0x0000000100000000)
  region size 1024K, 2 young (2048K), 2 survivors (2048K)
 Metaspace       used 195963K, capacity 200893K, committed 200960K, reserved 1224704K
  class space    used 23948K, capacity 25814K, committed 25856K, reserved 1048576K
}
Event: 9725.700 GC heap before
{Heap before GC invocations=389 (full 0):
 garbage-first heap   total 346112K, used 261120K [0x0000000080000000, 0x0000000100000000)
  region size 1024K, 59 young (60416K), 2 survivors (2048K)
 Metaspace       used 196009K, capacity 200894K, committed 200960K, reserved 1224704K
  class space    used 23948K, capacity 25814K, committed 25856K, reserved 1048576K
}
Event: 9725.804 GC heap after
{Heap after GC invocations=390 (full 0):
 garbage-first heap   total 346112K, used 218112K [0x0000000080000000, 0x0000000100000000)
  region size 1024K, 8 young (8192K), 8 survivors (8192K)
 Metaspace       used 196009K, capacity 200894K, committed 200960K, reserved 1224704K
  class space    used 23948K, capacity 25814K, committed 25856K, reserved 1048576K
}
Event: 9727.840 GC heap before
{Heap before GC invocations=391 (full 0):
 garbage-first heap   total 346112K, used 264192K [0x0000000080000000, 0x0000000100000000)
  region size 1024K, 58 young (59392K), 8 survivors (8192K)
 Metaspace       used 196013K, capacity 200894K, committed 200960K, reserved 1224704K
  class space    used 23948K, capacity 25814K, committed 25856K, reserved 1048576K
}
Event: 9727.931 GC heap after
{Heap after GC invocations=392 (full 0):
 garbage-first heap   total 346112K, used 218112K [0x0000000080000000, 0x0000000100000000)
  region size 1024K, 6 young (6144K), 6 survivors (6144K)
 Metaspace       used 196013K, capacity 200894K, committed 200960K, reserved 1224704K
  class space    used 23948K, capacity 25814K, committed 25856K, reserved 1048576K
}
Event: 9728.419 GC heap before
{Heap before GC invocations=392 (full 0):
 garbage-first heap   total 346112K, used 232448K [0x0000000080000000, 0x0000000100000000)
  region size 1024K, 16 young (16384K), 6 survivors (6144K)
 Metaspace       used 196014K, capacity 200894K, committed 200960K, reserved 1224704K
  class space    used 23948K, capacity 25814K, committed 25856K, reserved 1048576K
}

