# JRE version: OpenJDK Runtime Environment (11.0.10) (build 11.0.10+0-b96-7249189)
# Java VM: OpenJDK 64-Bit Server VM (11.0.10+0-b96-7249189, mixed mode, tiered, compressed oops, g1 gc, windows-amd64)
Heap:
 garbage-first heap   total 199680K, used 108960K [0x0000000080000000, 0x0000000100000000)
  region size 1024K, 51 young (52224K), 12 survivors (12288K)
 Metaspace       used 83436K, capacity 85623K, committed 85880K, reserved 1124352K
  class space    used 10794K, capacity 11598K, committed 11640K, reserved 1048576K
GC Heap History (20 events):
Event: 14.403 GC heap before
{Heap before GC invocations=11 (full 0):
 garbage-first heap   total 138240K, used 79104K [0x0000000080000000, 0x0000000100000000)
  region size 1024K, 60 young (61440K), 6 survivors (6144K)
 Metaspace       used 38892K, capacity 39831K, committed 39936K, reserved 1083392K
  class space    used 4954K, capacity 5316K, committed 5376K, reserved 1048576K
}
Event: 14.435 GC heap after
{Heap after GC invocations=12 (full 0):
 garbage-first heap   total 138240K, used 26523K [0x0000000080000000, 0x0000000100000000)
  region size 1024K, 8 young (8192K), 8 survivors (8192K)
 Metaspace       used 38892K, capacity 39831K, committed 39936K, reserved 1083392K
  class space    used 4954K, capacity 5316K, committed 5376K, reserved 1048576K
}
Event: 16.928 GC heap before
{Heap before GC invocations=12 (full 0):
 garbage-first heap   total 138240K, used 82843K [0x0000000080000000, 0x0000000100000000)
  region size 1024K, 63 young (64512K), 8 survivors (8192K)
 Metaspace       used 44108K, capacity 45230K, committed 45312K, reserved 1089536K
  class space    used 5651K, capacity 6067K, committed 6144K, reserved 1048576K
}
Event: 16.957 GC heap after
{Heap after GC invocations=13 (full 0):
 garbage-first heap   total 138240K, used 28411K [0x0000000080000000, 0x0000000100000000)
  region size 1024K, 3 young (3072K), 3 survivors (3072K)
 Metaspace       used 44108K, capacity 45230K, committed 45312K, reserved 1089536K
  class space    used 5651K, capacity 6067K, committed 6144K, reserved 1048576K
}
Event: 20.334 GC heap before
{Heap before GC invocations=13 (full 0):
 garbage-first heap   total 138240K, used 90875K [0x0000000080000000, 0x0000000100000000)
  region size 1024K, 60 young (61440K), 3 survivors (3072K)
 Metaspace       used 47281K, capacity 48525K, committed 48768K, reserved 1091584K
  class space    used 6020K, capacity 6454K, committed 6528K, reserved 1048576K
}
Event: 20.361 GC heap after
{Heap after GC invocations=14 (full 0):
 garbage-first heap   total 165888K, used 40448K [0x0000000080000000, 0x0000000100000000)
  region size 1024K, 8 young (8192K), 8 survivors (8192K)
 Metaspace       used 47281K, capacity 48525K, committed 48768K, reserved 1091584K
  class space    used 6020K, capacity 6454K, committed 6528K, reserved 1048576K
}
Event: 23.870 GC heap before
{Heap before GC invocations=14 (full 0):
 garbage-first heap   total 165888K, used 105984K [0x0000000080000000, 0x0000000100000000)
  region size 1024K, 72 young (73728K), 8 survivors (8192K)
 Metaspace       used 56192K, capacity 57541K, committed 57856K, reserved 1099776K
  class space    used 7090K, capacity 7583K, committed 7680K, reserved 1048576K
}
Event: 23.903 GC heap after
{Heap after GC invocations=15 (full 0):
 garbage-first heap   total 165888K, used 44096K [0x0000000080000000, 0x0000000100000000)
  region size 1024K, 4 young (4096K), 4 survivors (4096K)
 Metaspace       used 56192K, capacity 57541K, committed 57856K, reserved 1099776K
  class space    used 7090K, capacity 7583K, committed 7680K, reserved 1048576K
}
Event: 24.866 GC heap before
{Heap before GC invocations=15 (full 0):
 garbage-first heap   total 165888K, used 59456K [0x0000000080000000, 0x0000000100000000)
  region size 1024K, 20 young (20480K), 4 survivors (4096K)
 Metaspace       used 58449K, capacity 59867K, committed 59904K, reserved 1101824K
  class space    used 7397K, capacity 7934K, committed 7936K, reserved 1048576K
}
Event: 24.888 GC heap after
{Heap after GC invocations=16 (full 0):
 garbage-first heap   total 165888K, used 44610K [0x0000000080000000, 0x0000000100000000)
  region size 1024K, 4 young (4096K), 4 survivors (4096K)
 Metaspace       used 58449K, capacity 59867K, committed 59904K, reserved 1101824K
  class space    used 7397K, capacity 7934K, committed 7936K, reserved 1048576K
}
Event: 29.194 GC heap before
{Heap before GC invocations=17 (full 0):
 garbage-first heap   total 165888K, used 114242K [0x0000000080000000, 0x0000000100000000)
  region size 1024K, 72 young (73728K), 4 survivors (4096K)
 Metaspace       used 63630K, capacity 65086K, committed 65272K, reserved 1105920K
  class space    used 8068K, capacity 8610K, committed 8696K, reserved 1048576K
}
Event: 29.242 GC heap after
{Heap after GC invocations=18 (full 0):
 garbage-first heap   total 165888K, used 49989K [0x0000000080000000, 0x0000000100000000)
  region size 1024K, 9 young (9216K), 9 survivors (9216K)
 Metaspace       used 63630K, capacity 65086K, committed 65272K, reserved 1105920K
  class space    used 8068K, capacity 8610K, committed 8696K, reserved 1048576K
}
Event: 37.906 GC heap before
{Heap before GC invocations=19 (full 0):
 garbage-first heap   total 165888K, used 118597K [0x0000000080000000, 0x0000000100000000)
  region size 1024K, 76 young (77824K), 9 survivors (9216K)
 Metaspace       used 68839K, capacity 70459K, committed 70776K, reserved 1110016K
  class space    used 8888K, capacity 9477K, committed 9592K, reserved 1048576K
}
Event: 37.961 GC heap after
{Heap after GC invocations=20 (full 0):
 garbage-first heap   total 165888K, used 55582K [0x0000000080000000, 0x0000000100000000)
  region size 1024K, 6 young (6144K), 6 survivors (6144K)
 Metaspace       used 68839K, capacity 70459K, committed 70776K, reserved 1110016K
  class space    used 8888K, capacity 9477K, committed 9592K, reserved 1048576K
}
Event: 51.317 GC heap before
{Heap before GC invocations=20 (full 0):
 garbage-first heap   total 165888K, used 123166K [0x0000000080000000, 0x0000000100000000)
  region size 1024K, 72 young (73728K), 6 survivors (6144K)
 Metaspace       used 73236K, capacity 75000K, committed 75256K, reserved 1114112K
  class space    used 9511K, capacity 10146K, committed 10232K, reserved 1048576K
}
Event: 51.353 GC heap after
{Heap after GC invocations=21 (full 0):
 garbage-first heap   total 199680K, used 59904K [0x0000000080000000, 0x0000000100000000)
  region size 1024K, 5 young (5120K), 5 survivors (5120K)
 Metaspace       used 73236K, capacity 75000K, committed 75256K, reserved 1114112K
  class space    used 9511K, capacity 10146K, committed 10232K, reserved 1048576K
}
Event: 56.850 GC heap before
{Heap before GC invocations=21 (full 0):
 garbage-first heap   total 199680K, used 136704K [0x0000000080000000, 0x0000000100000000)
  region size 1024K, 80 young (81920K), 5 survivors (5120K)
 Metaspace       used 79271K, capacity 81294K, committed 81528K, reserved 1120256K
  class space    used 10356K, capacity 11075K, committed 11128K, reserved 1048576K
}
Event: 56.894 GC heap after
{Heap after GC invocations=22 (full 0):
 garbage-first heap   total 199680K, used 65412K [0x0000000080000000, 0x0000000100000000)
  region size 1024K, 10 young (10240K), 10 survivors (10240K)
 Metaspace       used 79271K, capacity 81294K, committed 81528K, reserved 1120256K
  class space    used 10356K, capacity 11075K, committed 11128K, reserved 1048576K
}
Event: 62.559 GC heap before
{Heap before GC invocations=22 (full 0):
 garbage-first heap   total 199680K, used 147332K [0x0000000080000000, 0x0000000100000000)
  region size 1024K, 91 young (93184K), 10 survivors (10240K)
 Metaspace       used 80457K, capacity 82604K, committed 82680K, reserved 1120256K
  class space    used 10429K, capacity 11212K, committed 11256K, reserved 1048576K
}
Event: 62.612 GC heap after
{Heap after GC invocations=23 (full 0):
 garbage-first heap   total 199680K, used 71072K [0x0000000080000000, 0x0000000100000000)
  region size 1024K, 12 young (12288K), 12 survivors (12288K)
 Metaspace       used 80457K, capacity 82604K, committed 82680K, reserved 1120256K
  class space    used 10429K, capacity 11212K, committed 11256K, reserved 1048576K
}

