# JRE version: OpenJDK Runtime Environment (11.0.10) (build 11.0.10+0-b96-7249189)
# Java VM: OpenJDK 64-Bit Server VM (11.0.10+0-b96-7249189, mixed mode, tiered, compressed oops, g1 gc, windows-amd64)
Heap:
 garbage-first heap   total 199680K, used 112128K [0x0000000080000000, 0x0000000100000000)
  region size 1024K, 23 young (23552K), 3 survivors (3072K)
 Metaspace       used 101929K, capacity 104718K, committed 104984K, reserved 1140736K
  class space    used 13222K, capacity 14272K, committed 14360K, reserved 1048576K
GC Heap History (20 events):
Event: 26.214 GC heap before
{Heap before GC invocations=14 (full 0):
 garbage-first heap   total 165888K, used 64287K [0x0000000080000000, 0x0000000100000000)
  region size 1024K, 34 young (34816K), 12 survivors (12288K)
 Metaspace       used 58591K, capacity 60051K, committed 60160K, reserved 1101824K
  class space    used 7407K, capacity 7929K, committed 7936K, reserved 1048576K
}
Event: 26.250 GC heap after
{Heap after GC invocations=15 (full 0):
 garbage-first heap   total 165888K, used 44837K [0x0000000080000000, 0x0000000100000000)
  region size 1024K, 2 young (2048K), 2 survivors (2048K)
 Metaspace       used 58591K, capacity 60051K, committed 60160K, reserved 1101824K
  class space    used 7407K, capacity 7929K, committed 7936K, reserved 1048576K
}
Event: 28.593 GC heap before
{Heap before GC invocations=16 (full 0):
 garbage-first heap   total 165888K, used 105253K [0x0000000080000000, 0x0000000100000000)
  region size 1024K, 61 young (62464K), 2 survivors (2048K)
 Metaspace       used 63450K, capacity 64965K, committed 65152K, reserved 1105920K
  class space    used 8035K, capacity 8569K, committed 8576K, reserved 1048576K
}
Event: 28.616 GC heap after
{Heap after GC invocations=17 (full 0):
 garbage-first heap   total 199680K, used 48933K [0x0000000080000000, 0x0000000100000000)
  region size 1024K, 6 young (6144K), 6 survivors (6144K)
 Metaspace       used 63450K, capacity 64965K, committed 65152K, reserved 1105920K
  class space    used 8035K, capacity 8569K, committed 8576K, reserved 1048576K
}
Event: 35.372 GC heap before
{Heap before GC invocations=17 (full 0):
 garbage-first heap   total 199680K, used 125733K [0x0000000080000000, 0x0000000100000000)
  region size 1024K, 81 young (82944K), 6 survivors (6144K)
 Metaspace       used 68827K, capacity 70498K, committed 70784K, reserved 1110016K
  class space    used 8888K, capacity 9509K, committed 9600K, reserved 1048576K
}
Event: 35.409 GC heap after
{Heap after GC invocations=18 (full 0):
 garbage-first heap   total 199680K, used 55508K [0x0000000080000000, 0x0000000100000000)
  region size 1024K, 11 young (11264K), 11 survivors (11264K)
 Metaspace       used 68827K, capacity 70498K, committed 70784K, reserved 1110016K
  class space    used 8888K, capacity 9509K, committed 9600K, reserved 1048576K
}
Event: 46.784 GC heap before
{Heap before GC invocations=18 (full 0):
 garbage-first heap   total 199680K, used 132308K [0x0000000080000000, 0x0000000100000000)
  region size 1024K, 86 young (88064K), 11 survivors (11264K)
 Metaspace       used 74069K, capacity 75875K, committed 76160K, reserved 1116160K
  class space    used 9668K, capacity 10321K, committed 10368K, reserved 1048576K
}
Event: 46.947 GC heap after
{Heap after GC invocations=19 (full 0):
 garbage-first heap   total 199680K, used 59819K [0x0000000080000000, 0x0000000100000000)
  region size 1024K, 5 young (5120K), 5 survivors (5120K)
 Metaspace       used 74069K, capacity 75875K, committed 76160K, reserved 1116160K
  class space    used 9668K, capacity 10321K, committed 10368K, reserved 1048576K
}
Event: 56.219 GC heap before
{Heap before GC invocations=19 (full 0):
 garbage-first heap   total 199680K, used 138667K [0x0000000080000000, 0x0000000100000000)
  region size 1024K, 82 young (83968K), 5 survivors (5120K)
 Metaspace       used 79261K, capacity 81293K, committed 81536K, reserved 1120256K
  class space    used 10351K, capacity 11093K, committed 11136K, reserved 1048576K
}
Event: 56.270 GC heap after
{Heap after GC invocations=20 (full 0):
 garbage-first heap   total 199680K, used 65451K [0x0000000080000000, 0x0000000100000000)
  region size 1024K, 11 young (11264K), 11 survivors (11264K)
 Metaspace       used 79261K, capacity 81293K, committed 81536K, reserved 1120256K
  class space    used 10351K, capacity 11093K, committed 11136K, reserved 1048576K
}
Event: 63.756 GC heap before
{Heap before GC invocations=20 (full 0):
 garbage-first heap   total 199680K, used 143275K [0x0000000080000000, 0x0000000100000000)
  region size 1024K, 87 young (89088K), 11 survivors (11264K)
 Metaspace       used 80329K, capacity 82480K, committed 82688K, reserved 1120256K
  class space    used 10423K, capacity 11195K, committed 11264K, reserved 1048576K
}
Event: 63.799 GC heap after
{Heap after GC invocations=21 (full 0):
 garbage-first heap   total 199680K, used 70037K [0x0000000080000000, 0x0000000100000000)
  region size 1024K, 5 young (5120K), 5 survivors (5120K)
 Metaspace       used 80329K, capacity 82480K, committed 82688K, reserved 1120256K
  class space    used 10423K, capacity 11195K, committed 11264K, reserved 1048576K
}
Event: 306.486 GC heap before
{Heap before GC invocations=21 (full 0):
 garbage-first heap   total 199680K, used 146837K [0x0000000080000000, 0x0000000100000000)
  region size 1024K, 81 young (82944K), 5 survivors (5120K)
 Metaspace       used 81537K, capacity 83620K, committed 83840K, reserved 1122304K
  class space    used 10552K, capacity 11310K, committed 11392K, reserved 1048576K
}
Event: 306.517 GC heap after
{Heap after GC invocations=22 (full 0):
 garbage-first heap   total 199680K, used 73621K [0x0000000080000000, 0x0000000100000000)
  region size 1024K, 9 young (9216K), 9 survivors (9216K)
 Metaspace       used 81537K, capacity 83620K, committed 83840K, reserved 1122304K
  class space    used 10552K, capacity 11310K, committed 11392K, reserved 1048576K
}
Event: 1890.273 GC heap before
{Heap before GC invocations=22 (full 0):
 garbage-first heap   total 199680K, used 151445K [0x0000000080000000, 0x0000000100000000)
  region size 1024K, 85 young (87040K), 9 survivors (9216K)
 Metaspace       used 82625K, capacity 84867K, committed 85120K, reserved 1122304K
  class space    used 10595K, capacity 11372K, committed 11392K, reserved 1048576K
}
Event: 1890.315 GC heap after
{Heap after GC invocations=23 (full 0):
 garbage-first heap   total 199680K, used 79247K [0x0000000080000000, 0x0000000100000000)
  region size 1024K, 9 young (9216K), 9 survivors (9216K)
 Metaspace       used 82625K, capacity 84867K, committed 85120K, reserved 1122304K
  class space    used 10595K, capacity 11372K, committed 11392K, reserved 1048576K
}
Event: 1895.626 GC heap before
{Heap before GC invocations=23 (full 0):
 garbage-first heap   total 199680K, used 157071K [0x0000000080000000, 0x0000000100000000)
  region size 1024K, 84 young (86016K), 9 survivors (9216K)
 Metaspace       used 90774K, capacity 93046K, committed 93184K, reserved 1130496K
  class space    used 11554K, capacity 12433K, committed 12544K, reserved 1048576K
}
Event: 1895.712 GC heap after
{Heap after GC invocations=24 (full 0):
 garbage-first heap   total 199680K, used 93184K [0x0000000080000000, 0x0000000100000000)
  region size 1024K, 11 young (11264K), 11 survivors (11264K)
 Metaspace       used 90774K, capacity 93046K, committed 93184K, reserved 1130496K
  class space    used 11554K, capacity 12433K, committed 12544K, reserved 1048576K
}
Event: 1899.545 GC heap before
{Heap before GC invocations=24 (full 0):
 garbage-first heap   total 199680K, used 140288K [0x0000000080000000, 0x0000000100000000)
  region size 1024K, 59 young (60416K), 11 survivors (11264K)
 Metaspace       used 97910K, capacity 100391K, committed 100480K, reserved 1136640K
  class space    used 12551K, capacity 13514K, committed 13568K, reserved 1048576K
}
Event: 1899.625 GC heap after
{Heap after GC invocations=25 (full 0):
 garbage-first heap   total 199680K, used 93696K [0x0000000080000000, 0x0000000100000000)
  region size 1024K, 3 young (3072K), 3 survivors (3072K)
 Metaspace       used 97910K, capacity 100391K, committed 100480K, reserved 1136640K
  class space    used 12551K, capacity 13514K, committed 13568K, reserved 1048576K
}

