# JRE version: OpenJDK Runtime Environment (11.0.10) (build 11.0.10+0-b96-7249189)
# Java VM: OpenJDK 64-Bit Server VM (11.0.10+0-b96-7249189, mixed mode, tiered, compressed oops, g1 gc, windows-amd64)
Heap:
 garbage-first heap   total 317440K, used 146920K [0x0000000080000000, 0x0000000100000000)
  region size 1024K, 44 young (45056K), 7 survivors (7168K)
 Metaspace       used 122159K, capacity 125709K, committed 126028K, reserved 1159168K
  class space    used 15035K, capacity 16362K, committed 16460K, reserved 1048576K
GC Heap History (20 events):
Event: 2734.157 GC heap before
{Heap before GC invocations=76 (full 0):
 garbage-first heap   total 317440K, used 265530K [0x0000000080000000, 0x0000000100000000)
  region size 1024K, 58 young (59392K), 1 survivors (1024K)
 Metaspace       used 121180K, capacity 124741K, committed 125004K, reserved 1157120K
  class space    used 15043K, capacity 16386K, committed 16460K, reserved 1048576K
}
Event: 2734.185 GC heap after
{Heap after GC invocations=77 (full 0):
 garbage-first heap   total 317440K, used 198134K [0x0000000080000000, 0x0000000100000000)
  region size 1024K, 7 young (7168K), 7 survivors (7168K)
 Metaspace       used 121180K, capacity 124741K, committed 125004K, reserved 1157120K
  class space    used 15043K, capacity 16386K, committed 16460K, reserved 1048576K
}
Event: 2811.939 GC heap before
{Heap before GC invocations=78 (full 0):
 garbage-first heap   total 317440K, used 238070K [0x0000000080000000, 0x0000000100000000)
  region size 1024K, 72 young (73728K), 7 survivors (7168K)
 Metaspace       used 121294K, capacity 124931K, committed 125004K, reserved 1157120K
  class space    used 15048K, capacity 16391K, committed 16460K, reserved 1048576K
}
Event: 2811.961 GC heap after
{Heap after GC invocations=79 (full 0):
 garbage-first heap   total 317440K, used 155286K [0x0000000080000000, 0x0000000100000000)
  region size 1024K, 3 young (3072K), 3 survivors (3072K)
 Metaspace       used 121294K, capacity 124931K, committed 125004K, reserved 1157120K
  class space    used 15048K, capacity 16391K, committed 16460K, reserved 1048576K
}
Event: 2813.412 GC heap before
{Heap before GC invocations=79 (full 0):
 garbage-first heap   total 317440K, used 167574K [0x0000000080000000, 0x0000000100000000)
  region size 1024K, 15 young (15360K), 3 survivors (3072K)
 Metaspace       used 121344K, capacity 125001K, committed 125260K, reserved 1159168K
  class space    used 15049K, capacity 16392K, committed 16460K, reserved 1048576K
}
Event: 2813.442 GC heap after
{Heap after GC invocations=80 (full 0):
 garbage-first heap   total 317440K, used 123266K [0x0000000080000000, 0x0000000100000000)
  region size 1024K, 2 young (2048K), 2 survivors (2048K)
 Metaspace       used 121344K, capacity 125001K, committed 125260K, reserved 1159168K
  class space    used 15049K, capacity 16392K, committed 16460K, reserved 1048576K
}
Event: 2813.862 GC heap before
{Heap before GC invocations=80 (full 0):
 garbage-first heap   total 317440K, used 135554K [0x0000000080000000, 0x0000000100000000)
  region size 1024K, 15 young (15360K), 2 survivors (2048K)
 Metaspace       used 121364K, capacity 125002K, committed 125260K, reserved 1159168K
  class space    used 15049K, capacity 16392K, committed 16460K, reserved 1048576K
}
Event: 2813.909 GC heap after
{Heap after GC invocations=81 (full 0):
 garbage-first heap   total 317440K, used 97566K [0x0000000080000000, 0x0000000100000000)
  region size 1024K, 2 young (2048K), 2 survivors (2048K)
 Metaspace       used 121364K, capacity 125002K, committed 125260K, reserved 1159168K
  class space    used 15049K, capacity 16392K, committed 16460K, reserved 1048576K
}
Event: 3484.722 GC heap before
{Heap before GC invocations=81 (full 0):
 garbage-first heap   total 317440K, used 263454K [0x0000000080000000, 0x0000000100000000)
  region size 1024K, 149 young (152576K), 2 survivors (2048K)
 Metaspace       used 121702K, capacity 125347K, committed 125516K, reserved 1159168K
  class space    used 15049K, capacity 16393K, committed 16460K, reserved 1048576K
}
Event: 3484.755 GC heap after
{Heap after GC invocations=82 (full 0):
 garbage-first heap   total 317440K, used 105043K [0x0000000080000000, 0x0000000100000000)
  region size 1024K, 7 young (7168K), 7 survivors (7168K)
 Metaspace       used 121702K, capacity 125347K, committed 125516K, reserved 1159168K
  class space    used 15049K, capacity 16393K, committed 16460K, reserved 1048576K
}
Event: 3485.511 GC heap before
{Heap before GC invocations=82 (full 0):
 garbage-first heap   total 317440K, used 121427K [0x0000000080000000, 0x0000000100000000)
  region size 1024K, 25 young (25600K), 7 survivors (7168K)
 Metaspace       used 121713K, capacity 125412K, committed 125516K, reserved 1159168K
  class space    used 15049K, capacity 16393K, committed 16460K, reserved 1048576K
}
Event: 3485.539 GC heap after
{Heap after GC invocations=83 (full 0):
 garbage-first heap   total 317440K, used 104291K [0x0000000080000000, 0x0000000100000000)
  region size 1024K, 8 young (8192K), 8 survivors (8192K)
 Metaspace       used 121713K, capacity 125412K, committed 125516K, reserved 1159168K
  class space    used 15049K, capacity 16393K, committed 16460K, reserved 1048576K
}
Event: 3617.090 GC heap before
{Heap before GC invocations=84 (full 0):
 garbage-first heap   total 317440K, used 274275K [0x0000000080000000, 0x0000000100000000)
  region size 1024K, 160 young (163840K), 8 survivors (8192K)
 Metaspace       used 121919K, capacity 125538K, committed 125772K, reserved 1159168K
  class space    used 15036K, capacity 16365K, committed 16460K, reserved 1048576K
}
Event: 3617.125 GC heap after
{Heap after GC invocations=85 (full 0):
 garbage-first heap   total 317440K, used 107363K [0x0000000080000000, 0x0000000100000000)
  region size 1024K, 10 young (10240K), 10 survivors (10240K)
 Metaspace       used 121919K, capacity 125538K, committed 125772K, reserved 1159168K
  class space    used 15036K, capacity 16365K, committed 16460K, reserved 1048576K
}
Event: 3636.021 GC heap before
{Heap before GC invocations=85 (full 0):
 garbage-first heap   total 317440K, used 125795K [0x0000000080000000, 0x0000000100000000)
  region size 1024K, 15 young (15360K), 10 survivors (10240K)
 Metaspace       used 121936K, capacity 125538K, committed 125772K, reserved 1159168K
  class space    used 15036K, capacity 16365K, committed 16460K, reserved 1048576K
}
Event: 3636.037 GC heap after
{Heap after GC invocations=86 (full 0):
 garbage-first heap   total 317440K, used 91112K [0x0000000080000000, 0x0000000100000000)
  region size 1024K, 1 young (1024K), 1 survivors (1024K)
 Metaspace       used 121936K, capacity 125538K, committed 125772K, reserved 1159168K
  class space    used 15036K, capacity 16365K, committed 16460K, reserved 1048576K
}
Event: 4823.771 GC heap before
{Heap before GC invocations=86 (full 0):
 garbage-first heap   total 317440K, used 251880K [0x0000000080000000, 0x0000000100000000)
  region size 1024K, 157 young (160768K), 1 survivors (1024K)
 Metaspace       used 122120K, capacity 125674K, committed 126028K, reserved 1159168K
  class space    used 15036K, capacity 16366K, committed 16460K, reserved 1048576K
}
Event: 4823.798 GC heap after
{Heap after GC invocations=87 (full 0):
 garbage-first heap   total 317440K, used 98996K [0x0000000080000000, 0x0000000100000000)
  region size 1024K, 7 young (7168K), 7 survivors (7168K)
 Metaspace       used 122120K, capacity 125674K, committed 126028K, reserved 1159168K
  class space    used 15036K, capacity 16366K, committed 16460K, reserved 1048576K
}
Event: 4824.105 GC heap before
{Heap before GC invocations=87 (full 0):
 garbage-first heap   total 317440K, used 105140K [0x0000000080000000, 0x0000000100000000)
  region size 1024K, 14 young (14336K), 7 survivors (7168K)
 Metaspace       used 122127K, capacity 125680K, committed 126028K, reserved 1159168K
  class space    used 15037K, capacity 16367K, committed 16460K, reserved 1048576K
}
Event: 4824.124 GC heap after
{Heap after GC invocations=88 (full 0):
 garbage-first heap   total 317440K, used 96744K [0x0000000080000000, 0x0000000100000000)
  region size 1024K, 7 young (7168K), 7 survivors (7168K)
 Metaspace       used 122127K, capacity 125680K, committed 126028K, reserved 1159168K
  class space    used 15037K, capacity 16367K, committed 16460K, reserved 1048576K
}

