# JRE version: OpenJDK Runtime Environment (11.0.10) (build 11.0.10+0-b96-7249189)
# Java VM: OpenJDK 64-Bit Server VM (11.0.10+0-b96-7249189, mixed mode, tiered, compressed oops, g1 gc, windows-amd64)
Heap:
 garbage-first heap   total 199680K, used 104448K [0x0000000080000000, 0x0000000100000000)
  region size 1024K, 28 young (28672K), 7 survivors (7168K)
 Metaspace       used 90388K, capacity 92632K, committed 92876K, reserved 1130496K
  class space    used 11631K, capacity 12454K, committed 12492K, reserved 1048576K
GC Heap History (20 events):
Event: 21.813 GC heap before
{Heap before GC invocations=13 (full 0):
 garbage-first heap   total 138240K, used 85941K [0x0000000080000000, 0x0000000100000000)
  region size 1024K, 58 young (59392K), 3 survivors (3072K)
 Metaspace       used 47226K, capacity 48455K, committed 48716K, reserved 1091584K
  class space    used 6009K, capacity 6449K, committed 6476K, reserved 1048576K
}
Event: 21.834 GC heap after
{Heap after GC invocations=14 (full 0):
 garbage-first heap   total 138240K, used 36864K [0x0000000080000000, 0x0000000100000000)
  region size 1024K, 8 young (8192K), 8 survivors (8192K)
 Metaspace       used 47226K, capacity 48455K, committed 48716K, reserved 1091584K
  class space    used 6009K, capacity 6449K, committed 6476K, reserved 1048576K
}
Event: 24.476 GC heap before
{Heap before GC invocations=14 (full 0):
 garbage-first heap   total 138240K, used 93184K [0x0000000080000000, 0x0000000100000000)
  region size 1024K, 62 young (63488K), 8 survivors (8192K)
 Metaspace       used 53768K, capacity 55175K, committed 55244K, reserved 1097728K
  class space    used 6822K, capacity 7330K, committed 7372K, reserved 1048576K
}
Event: 24.509 GC heap after
{Heap after GC invocations=15 (full 0):
 garbage-first heap   total 165888K, used 43790K [0x0000000080000000, 0x0000000100000000)
  region size 1024K, 5 young (5120K), 5 survivors (5120K)
 Metaspace       used 53768K, capacity 55175K, committed 55244K, reserved 1097728K
  class space    used 6822K, capacity 7330K, committed 7372K, reserved 1048576K
}
Event: 26.469 GC heap before
{Heap before GC invocations=15 (full 0):
 garbage-first heap   total 165888K, used 72462K [0x0000000080000000, 0x0000000100000000)
  region size 1024K, 34 young (34816K), 5 survivors (5120K)
 Metaspace       used 58670K, capacity 60148K, committed 60236K, reserved 1101824K
  class space    used 7410K, capacity 7961K, committed 8012K, reserved 1048576K
}
Event: 26.488 GC heap after
{Heap after GC invocations=16 (full 0):
 garbage-first heap   total 165888K, used 45838K [0x0000000080000000, 0x0000000100000000)
  region size 1024K, 7 young (7168K), 7 survivors (7168K)
 Metaspace       used 58670K, capacity 60148K, committed 60236K, reserved 1101824K
  class space    used 7410K, capacity 7961K, committed 8012K, reserved 1048576K
}
Event: 29.369 GC heap before
{Heap before GC invocations=17 (full 0):
 garbage-first heap   total 165888K, used 107278K [0x0000000080000000, 0x0000000100000000)
  region size 1024K, 67 young (68608K), 7 survivors (7168K)
 Metaspace       used 63496K, capacity 65030K, committed 65228K, reserved 1105920K
  class space    used 8035K, capacity 8569K, committed 8652K, reserved 1048576K
}
Event: 29.398 GC heap after
{Heap after GC invocations=18 (full 0):
 garbage-first heap   total 165888K, used 49786K [0x0000000080000000, 0x0000000100000000)
  region size 1024K, 7 young (7168K), 7 survivors (7168K)
 Metaspace       used 63496K, capacity 65030K, committed 65228K, reserved 1105920K
  class space    used 8035K, capacity 8569K, committed 8652K, reserved 1048576K
}
Event: 32.449 GC heap before
{Heap before GC invocations=18 (full 0):
 garbage-first heap   total 165888K, used 112250K [0x0000000080000000, 0x0000000100000000)
  region size 1024K, 68 young (69632K), 7 survivors (7168K)
 Metaspace       used 68728K, capacity 70381K, committed 70476K, reserved 1110016K
  class space    used 8871K, capacity 9472K, committed 9548K, reserved 1048576K
}
Event: 32.484 GC heap after
{Heap after GC invocations=19 (full 0):
 garbage-first heap   total 165888K, used 54561K [0x0000000080000000, 0x0000000100000000)
  region size 1024K, 5 young (5120K), 5 survivors (5120K)
 Metaspace       used 68728K, capacity 70381K, committed 70476K, reserved 1110016K
  class space    used 8871K, capacity 9472K, committed 9548K, reserved 1048576K
}
Event: 35.255 GC heap before
{Heap before GC invocations=19 (full 0):
 garbage-first heap   total 165888K, used 118049K [0x0000000080000000, 0x0000000100000000)
  region size 1024K, 67 young (68608K), 5 survivors (5120K)
 Metaspace       used 71787K, capacity 73609K, committed 73804K, reserved 1114112K
  class space    used 9319K, capacity 9962K, committed 10060K, reserved 1048576K
}
Event: 35.287 GC heap after
{Heap after GC invocations=20 (full 0):
 garbage-first heap   total 165888K, used 59383K [0x0000000080000000, 0x0000000100000000)
  region size 1024K, 5 young (5120K), 5 survivors (5120K)
 Metaspace       used 71787K, capacity 73609K, committed 73804K, reserved 1114112K
  class space    used 9319K, capacity 9962K, committed 10060K, reserved 1048576K
}
Event: 41.871 GC heap before
{Heap before GC invocations=20 (full 0):
 garbage-first heap   total 165888K, used 121847K [0x0000000080000000, 0x0000000100000000)
  region size 1024K, 66 young (67584K), 5 survivors (5120K)
 Metaspace       used 77848K, capacity 79667K, committed 79820K, reserved 1118208K
  class space    used 10175K, capacity 10841K, committed 10956K, reserved 1048576K
}
Event: 41.906 GC heap after
{Heap after GC invocations=21 (full 0):
 garbage-first heap   total 199680K, used 63864K [0x0000000080000000, 0x0000000100000000)
  region size 1024K, 9 young (9216K), 9 survivors (9216K)
 Metaspace       used 77848K, capacity 79667K, committed 79820K, reserved 1118208K
  class space    used 10175K, capacity 10841K, committed 10956K, reserved 1048576K
}
Event: 48.934 GC heap before
{Heap before GC invocations=21 (full 0):
 garbage-first heap   total 199680K, used 141688K [0x0000000080000000, 0x0000000100000000)
  region size 1024K, 86 young (88064K), 9 survivors (9216K)
 Metaspace       used 79898K, capacity 81936K, committed 82124K, reserved 1120256K
  class space    used 10388K, capacity 11154K, committed 11212K, reserved 1048576K
}
Event: 48.982 GC heap after
{Heap after GC invocations=22 (full 0):
 garbage-first heap   total 199680K, used 69333K [0x0000000080000000, 0x0000000100000000)
  region size 1024K, 10 young (10240K), 10 survivors (10240K)
 Metaspace       used 79898K, capacity 81936K, committed 82124K, reserved 1120256K
  class space    used 10388K, capacity 11154K, committed 11212K, reserved 1048576K
}
Event: 53.984 GC heap before
{Heap before GC invocations=22 (full 0):
 garbage-first heap   total 199680K, used 148181K [0x0000000080000000, 0x0000000100000000)
  region size 1024K, 87 young (89088K), 10 survivors (10240K)
 Metaspace       used 84786K, capacity 86938K, committed 87116K, reserved 1124352K
  class space    used 11009K, capacity 11823K, committed 11852K, reserved 1048576K
}
Event: 54.044 GC heap after
{Heap after GC invocations=23 (full 0):
 garbage-first heap   total 199680K, used 75776K [0x0000000080000000, 0x0000000100000000)
  region size 1024K, 11 young (11264K), 11 survivors (11264K)
 Metaspace       used 84786K, capacity 86938K, committed 87116K, reserved 1124352K
  class space    used 11009K, capacity 11823K, committed 11852K, reserved 1048576K
}
Event: 60.982 GC heap before
{Heap before GC invocations=23 (full 0):
 garbage-first heap   total 199680K, used 155648K [0x0000000080000000, 0x0000000100000000)
  region size 1024K, 87 young (89088K), 11 survivors (11264K)
 Metaspace       used 90359K, capacity 92565K, committed 92620K, reserved 1130496K
  class space    used 11629K, capacity 12454K, committed 12492K, reserved 1048576K
}
Event: 61.037 GC heap after
{Heap after GC invocations=24 (full 0):
 garbage-first heap   total 199680K, used 84992K [0x0000000080000000, 0x0000000100000000)
  region size 1024K, 7 young (7168K), 7 survivors (7168K)
 Metaspace       used 90359K, capacity 92565K, committed 92620K, reserved 1130496K
  class space    used 11629K, capacity 12454K, committed 12492K, reserved 1048576K
}

